[debug] [2024-11-22T07:08:03.172Z] ----------------------------------------------------------------------
[debug] [2024-11-22T07:08:03.174Z] Command:       C:\Program Files\nodejs\node.exe C:\Users\Sivasakthi\AppData\Roaming\npm\node_modules\firebase-tools\lib\bin\firebase.js init
[debug] [2024-11-22T07:08:03.175Z] CLI Version:   13.27.0
[debug] [2024-11-22T07:08:03.175Z] Platform:      win32
[debug] [2024-11-22T07:08:03.175Z] Node Version:  v20.10.0
[debug] [2024-11-22T07:08:03.175Z] Time:          Fri Nov 22 2024 12:38:03 GMT+0530 (India Standard Time)
[debug] [2024-11-22T07:08:03.175Z] ----------------------------------------------------------------------
[debug] 
[debug] [2024-11-22T07:08:03.181Z] > command requires scopes: ["email","openid","https://www.googleapis.com/auth/cloudplatformprojects.readonly","https://www.googleapis.com/auth/firebase","https://www.googleapis.com/auth/cloud-platform"]
[debug] [2024-11-22T07:08:03.181Z] > authorizing via signed-in user (sivasakthi.t@theunitytech.com)
[info] 
     ######## #### ########  ######## ########     ###     ######  ########
     ##        ##  ##     ## ##       ##     ##  ##   ##  ##       ##
     ######    ##  ########  ######   ########  #########  ######  ######
     ##        ##  ##    ##  ##       ##     ## ##     ##       ## ##
     ##       #### ##     ## ######## ########  ##     ##  ######  ########

You're about to initialize a Firebase project in this directory:

  F:\javascript learning\calculator-app

[info] 
=== Project Setup
[info] 
[info] First, let's associate this project directory with a Firebase project.
[info] You can create multiple project aliases by running firebase use --add, 
[info] but for now we'll just set up a default project.
[info] 
[debug] [2024-11-22T07:08:11.880Z] Checked if tokens are valid: true, expires at: 1732262820870
[debug] [2024-11-22T07:08:11.880Z] Checked if tokens are valid: true, expires at: 1732262820870
[debug] [2024-11-22T07:08:11.882Z] >>> [apiv2][query] GET https://firebase.googleapis.com/v1beta1/projects pageSize=100
[debug] [2024-11-22T07:08:13.023Z] <<< [apiv2][status] GET https://firebase.googleapis.com/v1beta1/projects 200
[debug] [2024-11-22T07:08:13.024Z] <<< [apiv2][body] GET https://firebase.googleapis.com/v1beta1/projects [omitted]
[info] i  Using project learning-50faa (learning) 
[info] 
=== Hosting Setup
[debug] [2024-11-22T07:08:15.936Z] Checked if tokens are valid: true, expires at: 1732262820870
[debug] [2024-11-22T07:08:15.936Z] Checked if tokens are valid: true, expires at: 1732262820870
[debug] [2024-11-22T07:08:15.936Z] >>> [apiv2][query] GET https://firebase.googleapis.com/v1beta1/projects/learning-50faa [none]
[debug] [2024-11-22T07:08:16.272Z] <<< [apiv2][status] GET https://firebase.googleapis.com/v1beta1/projects/learning-50faa 200
[debug] [2024-11-22T07:08:16.272Z] <<< [apiv2][body] GET https://firebase.googleapis.com/v1beta1/projects/learning-50faa {"projectId":"learning-50faa","projectNumber":"155698236118","displayName":"learning","name":"projects/learning-50faa","resources":{"hostingSite":"learning-50faa"},"state":"ACTIVE","etag":"1_528bc00b-6388-4690-a0f6-d570c97630a9"}
[info] 
[info] Your public directory is the folder (relative to your project directory) that
[info] will contain Hosting assets to be uploaded with firebase deploy. If you
[info] have a build process for your assets, use your build's output directory.
[info] 
[debug] [2024-11-22T07:09:08.794Z] >>> [apiv2][query] GET https://www.gstatic.com/firebasejs/releases.json [none]
[debug] [2024-11-22T07:09:09.009Z] <<< [apiv2][status] GET https://www.gstatic.com/firebasejs/releases.json 200
[debug] [2024-11-22T07:09:09.010Z] <<< [apiv2][body] GET https://www.gstatic.com/firebasejs/releases.json {"current":{"version":"11.0.2","browserURL":"https://www.gstatic.com/firebasejs/11.0.2/firebase.js","packageURL":"https://www.gstatic.com/firebasejs/11.0.2/firebase.tgz"},"live":{"version":"11.0","browserURL":"https://www.gstatic.com/firebasejs/live/11.0/firebase.js","packageURL":"https://www.gstatic.com/firebasejs/live/11.0/firebase.tgz"},"components":{"analytics":"https://www.gstatic.com/firebasejs/11.0.2/firebase-analytics.js","app":"https://www.gstatic.com/firebasejs/11.0.2/firebase-app.js","app-check":"https://www.gstatic.com/firebasejs/11.0.2/firebase-app-check.js","auth":"https://www.gstatic.com/firebasejs/11.0.2/firebase-auth.js","auth/cordova":"https://www.gstatic.com/firebasejs/11.0.2/firebase-auth/cordova.js","auth/web-extension":"https://www.gstatic.com/firebasejs/11.0.2/firebase-auth/web-extension.js","functions":"https://www.gstatic.com/firebasejs/11.0.2/firebase-functions.js","firestore":"https://www.gstatic.com/firebasejs/11.0.2/firebase-firestore.js","firestore/lite":"https://www.gstatic.com/firebasejs/11.0.2/firebase-firestore/lite.js","installations":"https://www.gstatic.com/firebasejs/11.0.2/firebase-installations.js","storage":"https://www.gstatic.com/firebasejs/11.0.2/firebase-storage.js","performance":"https://www.gstatic.com/firebasejs/11.0.2/firebase-performance.js","remote-config":"https://www.gstatic.com/firebasejs/11.0.2/firebase-remote-config.js","messaging":"https://www.gstatic.com/firebasejs/11.0.2/firebase-messaging.js","messaging/sw":"https://www.gstatic.com/firebasejs/11.0.2/firebase-messaging/sw.js","database":"https://www.gstatic.com/firebasejs/11.0.2/firebase-database.js","vertexai":"https://www.gstatic.com/firebasejs/11.0.2/firebase-vertexai.js","data-connect":"https://www.gstatic.com/firebasejs/11.0.2/firebase-data-connect.js","firestore.memory":"https://www.gstatic.com/firebasejs/11.0.2/firebase-firestore.memory.js"}}
[info] +  Wrote (public)/index.html 
[info] 
[info] i  Writing configuration info to firebase.json... 
[info] i  Writing project information to .firebaserc... 
[info] i  Writing gitignore file to .gitignore... 
[info] 
[info] +  Firebase initialization complete! 
